<?xml version="1.0" encoding="UTF-8"?>
<!-- Generated by org.testng.reporters.JUnitReportReporter -->
<testsuite skipped="0" hostname="DESKTOP-0M1MH5T" name="com.qa.linkedin.testcases.LinkedinSearchResultsTest" tests="8" failures="0" timestamp="2022-07-28T08:01:03 IST" time="49.466" errors="0">
  <testcase name="doLoginTest" time="8.188" classname="com.qa.linkedin.testcases.LinkedinSearchResultsTest"/>
  <system-out/>
  <testcase name="doPeopleSearchTest" time="6.656" classname="com.qa.linkedin.testcases.LinkedinSearchResultsTest"/>
  <system-out/>
  <testcase name="doPeopleSearchTest" time="5.817" classname="com.qa.linkedin.testcases.LinkedinSearchResultsTest"/>
  <system-out/>
  <testcase name="doPeopleSearchTest" time="6.193" classname="com.qa.linkedin.testcases.LinkedinSearchResultsTest"/>
  <system-out/>
  <testcase name="doPeopleSearchTest" time="6.745" classname="com.qa.linkedin.testcases.LinkedinSearchResultsTest"/>
  <system-out/>
  <testcase name="doPeopleSearchTest" time="6.782" classname="com.qa.linkedin.testcases.LinkedinSearchResultsTest"/>
  <system-out/>
  <testcase name="doPeopleSearchTest" time="5.753" classname="com.qa.linkedin.testcases.LinkedinSearchResultsTest"/>
  <system-out/>
  <testcase name="doLogoutTest" time="3.332" classname="com.qa.linkedin.testcases.LinkedinSearchResultsTest"/>
  <system-out/>
</testsuite> <!-- com.qa.linkedin.testcases.LinkedinSearchResultsTest -->
